<?xml version="1.0" encoding="UTF-8"?>
<!-- Generated by org.testng.reporters.JUnitReportReporter -->
<testsuite skipped="0" hostname="DKUSHITAYAL0585" name="testNG.TestNgC" tests="3" failures="0" timestamp="13 Jun 2018 07:17:06 GMT" time="1.185" errors="0">
  <testcase name="login" time="0.380" classname="testNG.TestNgC"/>
  <testcase name="login1" time="0.415" classname="testNG.TestNgC"/>
  <testcase name="login2" time="0.390" classname="testNG.TestNgC"/>
</testsuite> <!-- testNG.TestNgC -->
