<?xml version="1.0" encoding="UTF-8"?>
<!-- Generated by org.testng.reporters.JUnitReportReporter -->
<testsuite skipped="0" hostname="DKUSHITAYAL0585" name="testNG.b" tests="1" failures="0" timestamp="13 Jun 2018 07:17:06 GMT" time="3.546" errors="0">
  <testcase name="login5" time="3.546" classname="testNG.b"/>
</testsuite> <!-- testNG.b -->
